npm error code ERESOLVE
npm error ERESOLVE unable to resolve dependency tree
npm error
npm error While resolving: my-app@0.1.0
npm error Found: react@18.3.1
npm error node_modules/react
npm error   react@"18.3.1" from the root project
npm error
npm error Could not resolve dependency:
npm error peer react@"^19.0.0" from react-leaflet@5.0.0
npm error node_modules/react-leaflet
npm error   react-leaflet@"5.0.0" from the root project
npm error
npm error Fix the upstream dependency conflict, or retry
npm error this command with --force or --legacy-peer-deps
npm error to accept an incorrect (and potentially broken) dependency resolution.
npm error
npm error
npm error For a full report see:
npm error /home/runner/.npm/_logs/2025-12-27T18_19_58_300Z-eresolve-report.txt
npm error A complete log of this run can be found in: /home/runner/.npm/_logs/2025-12-27T18_19_58_300Z-debug-0.log
